Processing gen1ou/2018-02-01
Skipping gen1randombattle/2018-02-01
Processing gen2ou/2018-02-01
Processing gen2ouhoohcelebi/2018-02-01
Skipping gen2randombattle/2018-02-01
Processing gen3ou/2018-02-01
Skipping gen3randombattle/2018-02-01
Processing gen3uu/2018-02-01
Processing gen4lc/2018-02-01
Processing gen4ou/2018-02-01
Skipping gen4randombattle/2018-02-01
Processing gen5ou/2018-02-01
Skipping gen5randombattle/2018-02-01
Processing gen6battlefactory/2018-02-01
Processing gen6ou/2018-02-01
Skipping gen6randombattle/2018-02-01
Processing gen71v1suspecttest/2018-02-01
Processing gen7almostanyability/2018-02-01
Processing gen7alphabetcup/2018-02-01
Processing gen7anythinggoes/2018-02-01
Processing gen7balancedhackmons/2018-02-01
Processing gen7battlespotdoubles/2018-02-01
Processing gen7battlespotsingles/2018-02-01
Processing gen7battlespotspecial8/2018-02-01
Processing gen7bssfactory/2018-02-01
Processing gen7camomons/2018-02-01
Processing gen7cap/2018-02-01
Processing gen7challengecup1v1/2018-02-01
Processing gen7doublesou/2018-02-01
Processing gen7doublesubers/2018-02-01
Processing gen7doublesuu/2018-02-01
Processing gen7hackmonscup/2018-02-01
Processing gen7inheritance/2018-02-01
Processing gen7lc/2018-02-01
Processing gen7middlecup/2018-02-01
Processing gen7mixandmegasuspecttest/2018-02-01
Processing gen7monotype/2018-02-01
Processing gen7nu/2018-02-01
Processing gen7ou/2018-02-01
Processing gen7pu/2018-02-01
Skipping gen7randombattle/2018-02-01
Skipping gen7randomdoublesbattle/2018-02-01
Processing gen7ru/2018-02-01
Processing gen7sharedpower/2018-02-01
Processing gen7ubers/2018-02-01
Processing gen7ultrasinnohclassic/2018-02-01
Processing gen7uususpecttest/2018-02-01
Processing gen7vgc2018/2018-02-01
Processing gen1ou/2018-02-02
Skipping gen1randombattle/2018-02-02
Processing gen2ou/2018-02-02
Processing gen2ouhoohcelebi/2018-02-02
Skipping gen2randombattle/2018-02-02
Processing gen3ou/2018-02-02
Skipping gen3randombattle/2018-02-02
Processing gen3uu/2018-02-02
Processing gen4lc/2018-02-02
Processing gen4ou/2018-02-02
Skipping gen4randombattle/2018-02-02
Processing gen5ou/2018-02-02
Skipping gen5randombattle/2018-02-02
Processing gen6battlefactory/2018-02-02
Processing gen6ou/2018-02-02
Skipping gen6randombattle/2018-02-02
Processing gen71v1suspecttest/2018-02-02
Processing gen7almostanyability/2018-02-02
Processing gen7anythinggoes/2018-02-02
Processing gen7balancedhackmons/2018-02-02
Traceback (most recent call last):
  File "batchLogReader.py", line 857, in <module>
    main(sys.argv)
  File "batchLogReader.py", line 810, in main
    x = LogReader(argv[1]+'/'+filename,tier,movesets,ratings)
  File "batchLogReader.py", line 620, in LogReader
    player_no = int(species[1])
ValueError: invalid literal for int() with base 10: 'h'
Processing gen7battlespotdoubles/2018-02-02
Processing gen7battlespotsingles/2018-02-02
Processing gen7battlespotspecial8/2018-02-02
Processing gen7bssfactory/2018-02-02
Processing gen7camomons/2018-02-02
Processing gen7cap/2018-02-02
Processing gen7challengecup1v1/2018-02-02
Processing gen7doublesou/2018-02-02
Processing gen7doublesubers/2018-02-02
Processing gen7doublesuu/2018-02-02
Processing gen7hackmonscup/2018-02-02
Traceback (most recent call last):
  File "batchLogReader.py", line 857, in <module>
    main(sys.argv)
  File "batchLogReader.py", line 810, in main
    x = LogReader(argv[1]+'/'+filename,tier,movesets,ratings)
  File "batchLogReader.py", line 620, in LogReader
    player_no = int(species[1])
ValueError: invalid literal for int() with base 10: 'r'
Processing gen7lc/2018-02-02
Processing gen7middlecup/2018-02-02
Processing gen7mixandmegasuspecttest/2018-02-02
Processing gen7monotype/2018-02-02
Processing gen7nu/2018-02-02
Processing gen7ou/2018-02-02
Processing gen7pu/2018-02-02
Skipping gen7randombattle/2018-02-02
Skipping gen7randomdoublesbattle/2018-02-02
Processing gen7ru/2018-02-02
Processing gen7sharedpower/2018-02-02
Processing gen7stabmons/2018-02-02
Processing gen7ubers/2018-02-02
Processing gen7ultrasinnohclassic/2018-02-02
Processing gen7uususpecttest/2018-02-02
Processing gen7vgc2018/2018-02-02
Processing gen1ou/2018-02-03
Skipping gen1randombattle/2018-02-03
Processing gen2ou/2018-02-03
Processing gen2ouhoohcelebi/2018-02-03
Skipping gen2randombattle/2018-02-03
Processing gen3ou/2018-02-03
Skipping gen3randombattle/2018-02-03
Processing gen3uu/2018-02-03
Processing gen4lc/2018-02-03
Processing gen4ou/2018-02-03
Skipping gen4randombattle/2018-02-03
Processing gen5ou/2018-02-03
Skipping gen5randombattle/2018-02-03
Processing gen6battlefactory/2018-02-03
Processing gen6ou/2018-02-03
Skipping gen6randombattle/2018-02-03
Processing gen71v1/2018-02-03
Processing gen71v1suspecttest/2018-02-03
Processing gen7almostanyability/2018-02-03
Processing gen7anythinggoes/2018-02-03
Processing gen7balancedhackmons/2018-02-03
Processing gen7battlespotdoubles/2018-02-03
Processing gen7battlespotsingles/2018-02-03
Processing gen7battlespotspecial8/2018-02-03
Processing gen7bssfactory/2018-02-03
Processing gen7cap/2018-02-03
Processing gen7challengecup1v1/2018-02-03
Processing gen7doublesou/2018-02-03
Processing gen7doublesubers/2018-02-03
Processing gen7doublesuu/2018-02-03
Processing gen7hackmonscup/2018-02-03
Processing gen7lc/2018-02-03
Processing gen7middlecup/2018-02-03
Processing gen7mixandmegasuspecttest/2018-02-03
Processing gen7monotype/2018-02-03
Processing gen7nu/2018-02-03
Processing gen7ou/2018-02-03
Processing gen7pu/2018-02-03
Skipping gen7randombattle/2018-02-03
Skipping gen7randomdoublesbattle/2018-02-03
Processing gen7ru/2018-02-03
Processing gen7sharedpower/2018-02-03
Processing gen7stabmons/2018-02-03
Processing gen7ubers/2018-02-03
Processing gen7ultrasinnohclassic/2018-02-03
Processing gen7uususpecttest/2018-02-03
Processing gen7vgc2018/2018-02-03
Processing gen1ou/2018-02-04
Skipping gen1randombattle/2018-02-04
Processing gen2ou/2018-02-04
Processing gen2ouhoohcelebi/2018-02-04
Skipping gen2randombattle/2018-02-04
Processing gen3ou/2018-02-04
Skipping gen3randombattle/2018-02-04
Processing gen3uu/2018-02-04
Processing gen4lc/2018-02-04
Processing gen4ou/2018-02-04
Skipping gen4randombattle/2018-02-04
Processing gen5ou/2018-02-04
Skipping gen5randombattle/2018-02-04
Processing gen6battlefactory/2018-02-04
Processing gen6ou/2018-02-04
Skipping gen6randombattle/2018-02-04
Processing gen71v1/2018-02-04
Processing gen7almostanyability/2018-02-04
Processing gen7anythinggoes/2018-02-04
Processing gen7balancedhackmons/2018-02-04
Processing gen7battlespotdoubles/2018-02-04
Processing gen7battlespotsingles/2018-02-04
Processing gen7battlespotspecial8/2018-02-04
Processing gen7bssfactory/2018-02-04
Processing gen7cap/2018-02-04
Processing gen7challengecup1v1/2018-02-04
Processing gen7doublesou/2018-02-04
Processing gen7doublesubers/2018-02-04
Processing gen7doublesuu/2018-02-04
Processing gen7hackmonscup/2018-02-04
Processing gen7lc/2018-02-04
Processing gen7middlecup/2018-02-04
Processing gen7mixandmegasuspecttest/2018-02-04
Processing gen7monotype/2018-02-04
Processing gen7nu/2018-02-04
Processing gen7ou/2018-02-04
Processing gen7pu/2018-02-04
Skipping gen7randombattle/2018-02-04
Skipping gen7randomdoublesbattle/2018-02-04
Processing gen7ru/2018-02-04
Processing gen7sharedpower/2018-02-04
Processing gen7stabmons/2018-02-04
Processing gen7ubers/2018-02-04
Processing gen7ultrasinnohclassic/2018-02-04
Processing gen7uususpecttest/2018-02-04
Processing gen7vgc2018/2018-02-04
Processing gen1ou/2018-02-05
Skipping gen1randombattle/2018-02-05
Processing gen2ou/2018-02-05
Processing gen2ouhoohcelebi/2018-02-05
Skipping gen2randombattle/2018-02-05
Processing gen3ou/2018-02-05
Skipping gen3randombattle/2018-02-05
Processing gen4lc/2018-02-05
Processing gen4ou/2018-02-05
Skipping gen4randombattle/2018-02-05
Processing gen5ou/2018-02-05
Skipping gen5randombattle/2018-02-05
Processing gen6battlefactory/2018-02-05
Processing gen6ou/2018-02-05
Skipping gen6randombattle/2018-02-05
Processing gen71v1/2018-02-05
Processing gen7almostanyability/2018-02-05
Processing gen7anythinggoes/2018-02-05
Processing gen7balancedhackmons/2018-02-05
Traceback (most recent call last):
  File "batchLogReader.py", line 857, in <module>
    main(sys.argv)
  File "batchLogReader.py", line 810, in main
    x = LogReader(argv[1]+'/'+filename,tier,movesets,ratings)
  File "batchLogReader.py", line 620, in LogReader
    player_no = int(species[1])
ValueError: invalid literal for int() with base 10: 'h'
Processing gen7battlespotdoubles/2018-02-05
Processing gen7battlespotsingles/2018-02-05
Processing gen7battlespotspecial8/2018-02-05
Processing gen7bssfactory/2018-02-05
Processing gen7cap/2018-02-05
Processing gen7challengecup1v1/2018-02-05
Processing gen7doublesou/2018-02-05
Processing gen7doublesubers/2018-02-05
Processing gen7doublesuu/2018-02-05
Processing gen7hackmonscup/2018-02-05
Processing gen7lc/2018-02-05
Processing gen7middlecup/2018-02-05
Processing gen7mixandmega/2018-02-05
Processing gen7mixandmegasuspecttest/2018-02-05
Processing gen7monotype/2018-02-05
Processing gen7nu/2018-02-05
Processing gen7ou/2018-02-05
Processing gen7pu/2018-02-05
Processing gen7pususpecttest/2018-02-05
Skipping gen7randombattle/2018-02-05
Skipping gen7randomdoublesbattle/2018-02-05
Processing gen7ru/2018-02-05
Processing gen7sharedpower/2018-02-05
Processing gen7stabmons/2018-02-05
Processing gen7ubers/2018-02-05
Processing gen7ultrasinnohclassic/2018-02-05
Processing gen7uu/2018-02-05
Processing gen7uususpecttest/2018-02-05
Processing gen7vgc2018/2018-02-05
Processing gen1ou/2018-02-06
Skipping gen1randombattle/2018-02-06
Processing gen2ou/2018-02-06
Processing gen2ouhoohcelebi/2018-02-06
Skipping gen2randombattle/2018-02-06
Processing gen3ou/2018-02-06
Skipping gen3randombattle/2018-02-06
Processing gen3uu/2018-02-06
Processing gen4lc/2018-02-06
Processing gen4ou/2018-02-06
Skipping gen4randombattle/2018-02-06
Processing gen5ou/2018-02-06
Skipping gen5randombattle/2018-02-06
Processing gen6battlefactory/2018-02-06
Processing gen6ou/2018-02-06
Skipping gen6randombattle/2018-02-06
Processing gen71v1/2018-02-06
Processing gen7almostanyability/2018-02-06
Processing gen7anythinggoes/2018-02-06
Processing gen7balancedhackmons/2018-02-06
Traceback (most recent call last):
  File "batchLogReader.py", line 857, in <module>
    main(sys.argv)
  File "batchLogReader.py", line 810, in main
    x = LogReader(argv[1]+'/'+filename,tier,movesets,ratings)
  File "batchLogReader.py", line 620, in LogReader
    player_no = int(species[1])
ValueError: invalid literal for int() with base 10: 'a'
Processing gen7battlespotdoubles/2018-02-06
Processing gen7battlespotsingles/2018-02-06
Processing gen7battlespotspecial8/2018-02-06
Processing gen7bssfactory/2018-02-06
Processing gen7cap/2018-02-06
Processing gen7challengecup1v1/2018-02-06
Processing gen7doublesou/2018-02-06
Processing gen7doublesubers/2018-02-06
Processing gen7doublesuu/2018-02-06
Processing gen7hackmonscup/2018-02-06
Processing gen7lc/2018-02-06
Processing gen7middlecup/2018-02-06
Processing gen7mixandmega/2018-02-06
Processing gen7monotype/2018-02-06
Processing gen7nu/2018-02-06
Processing gen7ou/2018-02-06
Processing gen7pu/2018-02-06
Processing gen7pususpecttest/2018-02-06
Skipping gen7randombattle/2018-02-06
Skipping gen7randomdoublesbattle/2018-02-06
Processing gen7ru/2018-02-06
Processing gen7sharedpower/2018-02-06
Processing gen7stabmons/2018-02-06
Processing gen7ubers/2018-02-06
Processing gen7ultrasinnohclassic/2018-02-06
Processing gen7uu/2018-02-06
Processing gen7vgc2018/2018-02-06
Processing gen1ou/2018-02-07
Skipping gen1randombattle/2018-02-07
Processing gen2ou/2018-02-07
Processing gen2ouhoohcelebi/2018-02-07
Skipping gen2randombattle/2018-02-07
Processing gen3ou/2018-02-07
Skipping gen3randombattle/2018-02-07
Processing gen3uu/2018-02-07
Processing gen4ou/2018-02-07
Skipping gen4randombattle/2018-02-07
Processing gen5ou/2018-02-07
Skipping gen5randombattle/2018-02-07
Processing gen6battlefactory/2018-02-07
Processing gen6ou/2018-02-07
Skipping gen6randombattle/2018-02-07
Processing gen71v1/2018-02-07
Processing gen7almostanyability/2018-02-07
Processing gen7anythinggoes/2018-02-07
Processing gen7balancedhackmons/2018-02-07
Processing gen7battlespotdoubles/2018-02-07
Processing gen7battlespotsingles/2018-02-07
Processing gen7battlespotspecial8/2018-02-07
Processing gen7bssfactory/2018-02-07
Processing gen7cap/2018-02-07
Processing gen7challengecup1v1/2018-02-07
Processing gen7doublesou/2018-02-07
Processing gen7doublesubers/2018-02-07
Processing gen7doublesuu/2018-02-07
Processing gen7hackmonscup/2018-02-07
Processing gen7lc/2018-02-07
Processing gen7middlecup/2018-02-07
Processing gen7mixandmega/2018-02-07
Processing gen7monotype/2018-02-07
Processing gen7nu/2018-02-07
Processing gen7nususpecttest/2018-02-07
Processing gen7ou/2018-02-07
Processing gen7pususpecttest/2018-02-07
Skipping gen7randombattle/2018-02-07
Skipping gen7randomdoublesbattle/2018-02-07
Processing gen7ru/2018-02-07
Processing gen7sharedpower/2018-02-07
Processing gen7stabmons/2018-02-07
Processing gen7ubers/2018-02-07
Processing gen7ultrasinnohclassic/2018-02-07
Processing gen7uu/2018-02-07
Processing gen7vgc2018/2018-02-07
Processing gen1ou/2018-02-08
Skipping gen1randombattle/2018-02-08
Processing gen2ou/2018-02-08
Processing gen2ouhoohcelebi/2018-02-08
Skipping gen2randombattle/2018-02-08
Processing gen3ou/2018-02-08
Skipping gen3randombattle/2018-02-08
Processing gen3uu/2018-02-08
Processing gen4lc/2018-02-08
Processing gen4ou/2018-02-08
Skipping gen4randombattle/2018-02-08
Processing gen5ou/2018-02-08
Skipping gen5randombattle/2018-02-08
Processing gen6battlefactory/2018-02-08
Processing gen6ou/2018-02-08
Skipping gen6randombattle/2018-02-08
Processing gen71v1/2018-02-08
Processing gen7almostanyability/2018-02-08
Processing gen7anythinggoes/2018-02-08
Processing gen7balancedhackmons/2018-02-08
Processing gen7battlespotdoubles/2018-02-08
Processing gen7battlespotsingles/2018-02-08
Processing gen7battlespotspecial8/2018-02-08
Processing gen7bssfactory/2018-02-08
Processing gen7cap/2018-02-08
Processing gen7challengecup1v1/2018-02-08
Processing gen7doublesou/2018-02-08
Processing gen7doublesubers/2018-02-08
Processing gen7doublesuu/2018-02-08
Processing gen7hackmonscup/2018-02-08
Processing gen7lc/2018-02-08
Processing gen7middlecup/2018-02-08
Processing gen7mixandmega/2018-02-08
Processing gen7monotype/2018-02-08
Processing gen7nususpecttest/2018-02-08
Processing gen7ou/2018-02-08
Processing gen7pususpecttest/2018-02-08
Skipping gen7randombattle/2018-02-08
Skipping gen7randomdoublesbattle/2018-02-08
Processing gen7ru/2018-02-08
Processing gen7sharedpower/2018-02-08
Processing gen7stabmons/2018-02-08
Processing gen7ubers/2018-02-08
Processing gen7ultrasinnohclassic/2018-02-08
Processing gen7uu/2018-02-08
Processing gen7vgc2018/2018-02-08
Processing gen1ou/2018-02-09
Skipping gen1randombattle/2018-02-09
Processing gen2ou/2018-02-09
Processing gen2ouhoohcelebi/2018-02-09
Skipping gen2randombattle/2018-02-09
Processing gen3ou/2018-02-09
Skipping gen3randombattle/2018-02-09
Processing gen3uu/2018-02-09
Processing gen4lc/2018-02-09
Processing gen4ou/2018-02-09
Skipping gen4randombattle/2018-02-09
Processing gen5ou/2018-02-09
Skipping gen5randombattle/2018-02-09
Processing gen6battlefactory/2018-02-09
Processing gen6ou/2018-02-09
Skipping gen6randombattle/2018-02-09
Processing gen71v1/2018-02-09
Processing gen7almostanyability/2018-02-09
Processing gen7anythinggoes/2018-02-09
Processing gen7balancedhackmons/2018-02-09
Processing gen7battlespotdoubles/2018-02-09
Processing gen7battlespotsingles/2018-02-09
Processing gen7battlespotspecial8/2018-02-09
Processing gen7bssfactory/2018-02-09
Processing gen7cap/2018-02-09
Processing gen7challengecup1v1/2018-02-09
Processing gen7doublesou/2018-02-09
Processing gen7doublesubers/2018-02-09
Processing gen7doublesuu/2018-02-09
Processing gen7hackmonscup/2018-02-09
Processing gen7lc/2018-02-09
Processing gen7middlecup/2018-02-09
Processing gen7mixandmega/2018-02-09
Processing gen7monotype/2018-02-09
Processing gen7nususpecttest/2018-02-09
Processing gen7ou/2018-02-09
Processing gen7pususpecttest/2018-02-09
Skipping gen7randombattle/2018-02-09
Skipping gen7randomdoublesbattle/2018-02-09
Processing gen7ru/2018-02-09
Processing gen7sharedpower/2018-02-09
Processing gen7stabmons/2018-02-09
Processing gen7ubers/2018-02-09
Processing gen7ultrasinnohclassic/2018-02-09
Processing gen7uu/2018-02-09
Processing gen7vgc2018/2018-02-09
Processing gen1ou/2018-02-10
Skipping gen1randombattle/2018-02-10
Processing gen2ou/2018-02-10
Processing gen2ouhoohcelebi/2018-02-10
Skipping gen2randombattle/2018-02-10
Processing gen3ou/2018-02-10
Skipping gen3randombattle/2018-02-10
Processing gen3uu/2018-02-10
Processing gen4ou/2018-02-10
Skipping gen4randombattle/2018-02-10
Processing gen5ou/2018-02-10
Skipping gen5randombattle/2018-02-10
Processing gen6battlefactory/2018-02-10
Processing gen6ou/2018-02-10
Skipping gen6randombattle/2018-02-10
Processing gen71v1/2018-02-10
Processing gen7almostanyability/2018-02-10
Processing gen7anythinggoes/2018-02-10
Processing gen7balancedhackmons/2018-02-10
Traceback (most recent call last):
  File "batchLogReader.py", line 857, in <module>
    main(sys.argv)
  File "batchLogReader.py", line 810, in main
    x = LogReader(argv[1]+'/'+filename,tier,movesets,ratings)
  File "batchLogReader.py", line 620, in LogReader
    player_no = int(species[1])
ValueError: invalid literal for int() with base 10: 'a'
Processing gen7battlespotdoubles/2018-02-10
Processing gen7battlespotsingles/2018-02-10
Processing gen7battlespotspecial8/2018-02-10
Processing gen7bssfactory/2018-02-10
Processing gen7cap/2018-02-10
Processing gen7challengecup1v1/2018-02-10
Processing gen7doublesou/2018-02-10
Processing gen7doublesubers/2018-02-10
Processing gen7doublesuu/2018-02-10
Processing gen7hackmonscup/2018-02-10
Processing gen7lc/2018-02-10
Processing gen7middlecup/2018-02-10
Processing gen7mixandmega/2018-02-10
Processing gen7monotype/2018-02-10
Processing gen7nususpecttest/2018-02-10
Processing gen7ou/2018-02-10
Processing gen7pususpecttest/2018-02-10
Skipping gen7randombattle/2018-02-10
Skipping gen7randomdoublesbattle/2018-02-10
Processing gen7ru/2018-02-10
Processing gen7sharedpower/2018-02-10
Processing gen7stabmons/2018-02-10
Processing gen7ubers/2018-02-10
Processing gen7ultrasinnohclassic/2018-02-10
Processing gen7uu/2018-02-10
Processing gen7vgc2018/2018-02-10
Processing gen1ou/2018-02-11
Skipping gen1randombattle/2018-02-11
Processing gen2ou/2018-02-11
Processing gen2ouhoohcelebi/2018-02-11
Skipping gen2randombattle/2018-02-11
Processing gen3ou/2018-02-11
Skipping gen3randombattle/2018-02-11
Processing gen3uu/2018-02-11
Processing gen4lc/2018-02-11
Processing gen4ou/2018-02-11
Skipping gen4randombattle/2018-02-11
Processing gen5ou/2018-02-11
Skipping gen5randombattle/2018-02-11
Processing gen6battlefactory/2018-02-11
Processing gen6ou/2018-02-11
Skipping gen6randombattle/2018-02-11
Processing gen71v1/2018-02-11
Processing gen7almostanyability/2018-02-11
Processing gen7anythinggoes/2018-02-11
Processing gen7balancedhackmons/2018-02-11
Processing gen7battlespotdoubles/2018-02-11
Processing gen7battlespotsingles/2018-02-11
Processing gen7battlespotspecial8/2018-02-11
Processing gen7bssfactory/2018-02-11
Processing gen7cap/2018-02-11
Processing gen7challengecup1v1/2018-02-11
Processing gen7doublesou/2018-02-11
Processing gen7doublesubers/2018-02-11
Processing gen7doublesuu/2018-02-11
Processing gen7hackmonscup/2018-02-11
Traceback (most recent call last):
  File "batchLogReader.py", line 857, in <module>
    main(sys.argv)
  File "batchLogReader.py", line 810, in main
    x = LogReader(argv[1]+'/'+filename,tier,movesets,ratings)
  File "batchLogReader.py", line 620, in LogReader
    player_no = int(species[1])
ValueError: invalid literal for int() with base 10: 'h'
Processing gen7lc/2018-02-11
Processing gen7middlecup/2018-02-11
Processing gen7mixandmega/2018-02-11
Processing gen7monotype/2018-02-11
Processing gen7nususpecttest/2018-02-11
Processing gen7ou/2018-02-11
Processing gen7pususpecttest/2018-02-11
Skipping gen7randombattle/2018-02-11
Skipping gen7randomdoublesbattle/2018-02-11
Processing gen7ru/2018-02-11
Processing gen7sharedpower/2018-02-11
Processing gen7stabmons/2018-02-11
Processing gen7ubers/2018-02-11
Processing gen7ultrasinnohclassic/2018-02-11
Processing gen7uu/2018-02-11
Processing gen7vgc2018/2018-02-11
Processing gen1ou/2018-02-12
Skipping gen1randombattle/2018-02-12
Processing gen2ou/2018-02-12
Processing gen2ouhoohcelebi/2018-02-12
Skipping gen2randombattle/2018-02-12
Processing gen3ou/2018-02-12
Skipping gen3randombattle/2018-02-12
Processing gen3uu/2018-02-12
Processing gen4lc/2018-02-12
Processing gen4ou/2018-02-12
Skipping gen4randombattle/2018-02-12
Processing gen5ou/2018-02-12
Skipping gen5randombattle/2018-02-12
Processing gen6battlefactory/2018-02-12
Processing gen6ou/2018-02-12
Skipping gen6randombattle/2018-02-12
Processing gen71v1/2018-02-12
Processing gen7almostanyability/2018-02-12
Processing gen7anythinggoes/2018-02-12
Processing gen7balancedhackmons/2018-02-12
Processing gen7battlespotdoubles/2018-02-12
Processing gen7battlespotsingles/2018-02-12
Processing gen7battlespotspecial8/2018-02-12
Processing gen7bssfactory/2018-02-12
Processing gen7cap/2018-02-12
Processing gen7challengecup1v1/2018-02-12
Processing gen7doublesou/2018-02-12
Processing gen7doublesubers/2018-02-12
Processing gen7doublesuu/2018-02-12
Processing gen7hackmonscup/2018-02-12
Processing gen7lc/2018-02-12
Processing gen7middlecup/2018-02-12
Processing gen7mixandmega/2018-02-12
Processing gen7monotype/2018-02-12
Processing gen7nususpecttest/2018-02-12
Processing gen7ou/2018-02-12
Processing gen7pususpecttest/2018-02-12
Skipping gen7randombattle/2018-02-12
Skipping gen7randomdoublesbattle/2018-02-12
Processing gen7ru/2018-02-12
Processing gen7sharedpower/2018-02-12
Processing gen7stabmons/2018-02-12
Processing gen7ubers/2018-02-12
Processing gen7ultrasinnohclassic/2018-02-12
Processing gen7uu/2018-02-12
Processing gen7vgc2018/2018-02-12
Processing gen1ou/2018-02-13
Skipping gen1randombattle/2018-02-13
Processing gen2ou/2018-02-13
Processing gen2ouhoohcelebi/2018-02-13
Skipping gen2randombattle/2018-02-13
Processing gen3ou/2018-02-13
Skipping gen3randombattle/2018-02-13
Processing gen3uu/2018-02-13
Processing gen4lc/2018-02-13
Processing gen4ou/2018-02-13
Skipping gen4randombattle/2018-02-13
Processing gen5ou/2018-02-13
Skipping gen5randombattle/2018-02-13
Processing gen6battlefactory/2018-02-13
Processing gen6ou/2018-02-13
Skipping gen6randombattle/2018-02-13
Processing gen71v1/2018-02-13
Processing gen7almostanyability/2018-02-13
Processing gen7anythinggoes/2018-02-13
Processing gen7balancedhackmons/2018-02-13
Processing gen7battlespotdoubles/2018-02-13
Processing gen7battlespotsingles/2018-02-13
Processing gen7battlespotspecial8/2018-02-13
Processing gen7bssfactory/2018-02-13
Processing gen7cap/2018-02-13
Processing gen7challengecup1v1/2018-02-13
Processing gen7doublesou/2018-02-13
Processing gen7doublesubers/2018-02-13
Processing gen7doublesuu/2018-02-13
Processing gen7hackmonscup/2018-02-13
Processing gen7lc/2018-02-13
Processing gen7middlecup/2018-02-13
Processing gen7mixandmega/2018-02-13
Processing gen7monotype/2018-02-13
Processing gen7nususpecttest/2018-02-13
Processing gen7ou/2018-02-13
Processing gen7pususpecttest/2018-02-13
Skipping gen7randombattle/2018-02-13
Skipping gen7randomdoublesbattle/2018-02-13
Processing gen7ru/2018-02-13
Processing gen7sharedpower/2018-02-13
Processing gen7stabmons/2018-02-13
Processing gen7ubers/2018-02-13
Processing gen7ultrasinnohclassic/2018-02-13
Processing gen7uu/2018-02-13
Processing gen7vgc2018/2018-02-13
Processing gen1ou/2018-02-14
Skipping gen1randombattle/2018-02-14
Processing gen2ou/2018-02-14
Processing gen2ouhoohcelebi/2018-02-14
Skipping gen2randombattle/2018-02-14
Processing gen3ou/2018-02-14
Skipping gen3randombattle/2018-02-14
Processing gen3uu/2018-02-14
Processing gen4lc/2018-02-14
Processing gen4ou/2018-02-14
Skipping gen4randombattle/2018-02-14
Processing gen5ou/2018-02-14
Skipping gen5randombattle/2018-02-14
Processing gen6battlefactory/2018-02-14
Processing gen6ou/2018-02-14
Skipping gen6randombattle/2018-02-14
Processing gen71v1/2018-02-14
Processing gen7almostanyability/2018-02-14
Processing gen7anythinggoes/2018-02-14
Processing gen7balancedhackmons/2018-02-14
Processing gen7battlespotdoubles/2018-02-14
Processing gen7battlespotsingles/2018-02-14
Processing gen7battlespotspecial8/2018-02-14
Processing gen7bssfactory/2018-02-14
Processing gen7cap/2018-02-14
Processing gen7challengecup1v1/2018-02-14
Processing gen7doublesou/2018-02-14
Processing gen7doublesubers/2018-02-14
Processing gen7doublesuu/2018-02-14
Processing gen7hackmonscup/2018-02-14
Processing gen7lc/2018-02-14
Processing gen7middlecup/2018-02-14
Processing gen7mixandmega/2018-02-14
Processing gen7monotype/2018-02-14
Processing gen7nususpecttest/2018-02-14
Processing gen7ou/2018-02-14
Processing gen7pususpecttest/2018-02-14
Skipping gen7randombattle/2018-02-14
Skipping gen7randomdoublesbattle/2018-02-14
Processing gen7ru/2018-02-14
Processing gen7sharedpower/2018-02-14
Processing gen7stabmons/2018-02-14
Processing gen7ubers/2018-02-14
Processing gen7ultrasinnohclassic/2018-02-14
Processing gen7uu/2018-02-14
Processing gen7vgc2018/2018-02-14
Processing gen1ou/2018-02-15
Skipping gen1randombattle/2018-02-15
Processing gen2ou/2018-02-15
Processing gen2ouhoohcelebi/2018-02-15
Skipping gen2randombattle/2018-02-15
Processing gen3ou/2018-02-15
Skipping gen3randombattle/2018-02-15
Processing gen3uu/2018-02-15
Processing gen4lc/2018-02-15
Processing gen4ou/2018-02-15
Skipping gen4randombattle/2018-02-15
Processing gen5ou/2018-02-15
Skipping gen5randombattle/2018-02-15
Processing gen6battlefactory/2018-02-15
Processing gen6ou/2018-02-15
Skipping gen6randombattle/2018-02-15
Processing gen71v1/2018-02-15
Processing gen7almostanyability/2018-02-15
Processing gen7anythinggoes/2018-02-15
Processing gen7balancedhackmons/2018-02-15
Processing gen7battlespotdoubles/2018-02-15
Processing gen7battlespotsingles/2018-02-15
Processing gen7battlespotspecial8/2018-02-15
Processing gen7bssfactory/2018-02-15
Processing gen7cap/2018-02-15
Processing gen7challengecup1v1/2018-02-15
Processing gen7doublesou/2018-02-15
Processing gen7doublesubers/2018-02-15
Processing gen7doublesuu/2018-02-15
Processing gen7hackmonscup/2018-02-15
Processing gen7lc/2018-02-15
Processing gen7middlecup/2018-02-15
Processing gen7mixandmega/2018-02-15
Processing gen7monotype/2018-02-15
Processing gen7nususpecttest/2018-02-15
Processing gen7ou/2018-02-15
Processing gen7pususpecttest/2018-02-15
Skipping gen7randombattle/2018-02-15
Skipping gen7randomdoublesbattle/2018-02-15
Processing gen7ru/2018-02-15
Processing gen7sharedpower/2018-02-15
Processing gen7stabmons/2018-02-15
Processing gen7ubers/2018-02-15
Processing gen7ultrasinnohclassic/2018-02-15
Processing gen7uu/2018-02-15
Processing gen7vgc2018/2018-02-15
Processing gen1ou/2018-02-16
Skipping gen1randombattle/2018-02-16
Processing gen2ou/2018-02-16
Processing gen2ouhoohcelebi/2018-02-16
Skipping gen2randombattle/2018-02-16
Processing gen3ou/2018-02-16
Skipping gen3randombattle/2018-02-16
Processing gen3uu/2018-02-16
Processing gen4ou/2018-02-16
Skipping gen4randombattle/2018-02-16
Processing gen5ou/2018-02-16
Skipping gen5randombattle/2018-02-16
Processing gen6battlefactory/2018-02-16
Processing gen6ou/2018-02-16
Skipping gen6randombattle/2018-02-16
Processing gen71v1/2018-02-16
Processing gen7almostanyability/2018-02-16
Processing gen7anythinggoes/2018-02-16
Processing gen7balancedhackmons/2018-02-16
Traceback (most recent call last):
  File "batchLogReader.py", line 857, in <module>
    main(sys.argv)
  File "batchLogReader.py", line 810, in main
    x = LogReader(argv[1]+'/'+filename,tier,movesets,ratings)
  File "batchLogReader.py", line 620, in LogReader
    player_no = int(species[1])
ValueError: invalid literal for int() with base 10: 'h'
Processing gen7battlespotdoubles/2018-02-16
Processing gen7battlespotsingles/2018-02-16
Processing gen7battlespotspecial8/2018-02-16
Processing gen7bssfactory/2018-02-16
Processing gen7cap/2018-02-16
Processing gen7challengecup1v1/2018-02-16
Processing gen7doublesou/2018-02-16
Processing gen7doublesubers/2018-02-16
Processing gen7doublesuu/2018-02-16
Processing gen7hackmonscup/2018-02-16
Processing gen7lc/2018-02-16
Processing gen7middlecup/2018-02-16
Processing gen7mixandmega/2018-02-16
Processing gen7monotype/2018-02-16
Processing gen7nususpecttest/2018-02-16
Processing gen7ou/2018-02-16
Processing gen7pususpecttest/2018-02-16
Skipping gen7randombattle/2018-02-16
Skipping gen7randomdoublesbattle/2018-02-16
Processing gen7ru/2018-02-16
Processing gen7sharedpower/2018-02-16
Processing gen7stabmons/2018-02-16
Processing gen7ubers/2018-02-16
Processing gen7ultrasinnohclassic/2018-02-16
Processing gen7uu/2018-02-16
Processing gen7vgc2018/2018-02-16
Processing gen1ou/2018-02-17
Skipping gen1randombattle/2018-02-17
Processing gen2ou/2018-02-17
Processing gen2ouhoohcelebi/2018-02-17
Skipping gen2randombattle/2018-02-17
Processing gen3ou/2018-02-17
Skipping gen3randombattle/2018-02-17
Processing gen3uu/2018-02-17
Processing gen4ou/2018-02-17
Skipping gen4randombattle/2018-02-17
Processing gen5ou/2018-02-17
Skipping gen5randombattle/2018-02-17
Processing gen6battlefactory/2018-02-17
Processing gen6ou/2018-02-17
Skipping gen6randombattle/2018-02-17
Processing gen71v1/2018-02-17
Processing gen7almostanyability/2018-02-17
Processing gen7anythinggoes/2018-02-17
Processing gen7balancedhackmons/2018-02-17
Traceback (most recent call last):
  File "batchLogReader.py", line 857, in <module>
    main(sys.argv)
  File "batchLogReader.py", line 810, in main
    x = LogReader(argv[1]+'/'+filename,tier,movesets,ratings)
  File "batchLogReader.py", line 620, in LogReader
    player_no = int(species[1])
ValueError: invalid literal for int() with base 10: 't'
Processing gen7battlespotdoubles/2018-02-17
Processing gen7battlespotsingles/2018-02-17
Processing gen7battlespotspecial8/2018-02-17
Processing gen7bssfactory/2018-02-17
Processing gen7cap/2018-02-17
Processing gen7challengecup1v1/2018-02-17
Processing gen7doublesou/2018-02-17
Processing gen7doublesubers/2018-02-17
Processing gen7doublesuu/2018-02-17
Processing gen7hackmonscup/2018-02-17
Processing gen7lc/2018-02-17
Processing gen7middlecup/2018-02-17
Processing gen7mixandmega/2018-02-17
Processing gen7monotype/2018-02-17
Processing gen7nususpecttest/2018-02-17
Processing gen7ou/2018-02-17
Processing gen7pususpecttest/2018-02-17
Skipping gen7randombattle/2018-02-17
Skipping gen7randomdoublesbattle/2018-02-17
Processing gen7ru/2018-02-17
Processing gen7sharedpower/2018-02-17
Processing gen7stabmons/2018-02-17
Processing gen7ubers/2018-02-17
Processing gen7ultrasinnohclassic/2018-02-17
Processing gen7uu/2018-02-17
Processing gen7vgc2018/2018-02-17
Processing gen1ou/2018-02-18
Skipping gen1randombattle/2018-02-18
Processing gen2ou/2018-02-18
Processing gen2ouhoohcelebi/2018-02-18
Skipping gen2randombattle/2018-02-18
Processing gen3ou/2018-02-18
Skipping gen3randombattle/2018-02-18
Processing gen3uu/2018-02-18
Processing gen4lc/2018-02-18
Processing gen4ou/2018-02-18
Skipping gen4randombattle/2018-02-18
Processing gen5ou/2018-02-18
Skipping gen5randombattle/2018-02-18
Processing gen6battlefactory/2018-02-18
Processing gen6ou/2018-02-18
Skipping gen6randombattle/2018-02-18
Processing gen71v1/2018-02-18
Processing gen7almostanyability/2018-02-18
Processing gen7anythinggoes/2018-02-18
Processing gen7balancedhackmons/2018-02-18
Processing gen7battlespotdoubles/2018-02-18
Processing gen7battlespotsingles/2018-02-18
Processing gen7battlespotspecial8/2018-02-18
Processing gen7bssfactory/2018-02-18
Processing gen7cap/2018-02-18
Processing gen7challengecup1v1/2018-02-18
Processing gen7doublesou/2018-02-18
Processing gen7doublesubers/2018-02-18
Processing gen7doublesuu/2018-02-18
Processing gen7hackmonscup/2018-02-18
Processing gen7lc/2018-02-18
Processing gen7middlecup/2018-02-18
Processing gen7mixandmega/2018-02-18
Processing gen7monotype/2018-02-18
Processing gen7nususpecttest/2018-02-18
Processing gen7ou/2018-02-18
Processing gen7pususpecttest/2018-02-18
Skipping gen7randombattle/2018-02-18
Skipping gen7randomdoublesbattle/2018-02-18
Processing gen7ru/2018-02-18
Processing gen7sharedpower/2018-02-18
Processing gen7stabmons/2018-02-18
Processing gen7ubers/2018-02-18
Processing gen7ultrasinnohclassic/2018-02-18
Processing gen7uu/2018-02-18
Processing gen7vgc2018/2018-02-18
Processing gen1ou/2018-02-19
Skipping gen1randombattle/2018-02-19
Processing gen2ou/2018-02-19
Processing gen2ouhoohcelebi/2018-02-19
Skipping gen2randombattle/2018-02-19
Processing gen3ou/2018-02-19
Skipping gen3randombattle/2018-02-19
Processing gen3uu/2018-02-19
Processing gen4lc/2018-02-19
Processing gen4ou/2018-02-19
Skipping gen4randombattle/2018-02-19
Processing gen5ou/2018-02-19
Skipping gen5randombattle/2018-02-19
Processing gen6battlefactory/2018-02-19
Processing gen6ou/2018-02-19
Skipping gen6randombattle/2018-02-19
Processing gen71v1/2018-02-19
Processing gen7almostanyability/2018-02-19
Processing gen7anythinggoes/2018-02-19
Processing gen7balancedhackmons/2018-02-19
Processing gen7battlespotdoubles/2018-02-19
Processing gen7battlespotsingles/2018-02-19
Processing gen7battlespotspecial8/2018-02-19
Processing gen7bssfactory/2018-02-19
Processing gen7cap/2018-02-19
Processing gen7challengecup1v1/2018-02-19
Processing gen7doublesou/2018-02-19
Processing gen7doublesubers/2018-02-19
Processing gen7doublesuu/2018-02-19
Processing gen7hackmonscup/2018-02-19
Processing gen7lc/2018-02-19
Processing gen7middlecup/2018-02-19
Processing gen7mixandmega/2018-02-19
Processing gen7monotype/2018-02-19
Processing gen7nu/2018-02-19
Processing gen7nususpecttest/2018-02-19
Processing gen7ou/2018-02-19
Processing gen7pususpecttest/2018-02-19
Skipping gen7randombattle/2018-02-19
Skipping gen7randomdoublesbattle/2018-02-19
Processing gen7ru/2018-02-19
Processing gen7sharedpower/2018-02-19
Processing gen7stabmons/2018-02-19
Processing gen7ubers/2018-02-19
Processing gen7ultrasinnohclassic/2018-02-19
Processing gen7uu/2018-02-19
Processing gen7vgc2018/2018-02-19
Processing gen1ou/2018-02-20
Skipping gen1randombattle/2018-02-20
Processing gen2ou/2018-02-20
Processing gen2ouhoohcelebi/2018-02-20
Skipping gen2randombattle/2018-02-20
Processing gen3ou/2018-02-20
Skipping gen3randombattle/2018-02-20
Processing gen3uu/2018-02-20
Processing gen4ou/2018-02-20
Skipping gen4randombattle/2018-02-20
Processing gen5ou/2018-02-20
Skipping gen5randombattle/2018-02-20
Processing gen6battlefactory/2018-02-20
Processing gen6ou/2018-02-20
Skipping gen6randombattle/2018-02-20
Processing gen71v1/2018-02-20
Processing gen7almostanyability/2018-02-20
Processing gen7anythinggoes/2018-02-20
Processing gen7balancedhackmons/2018-02-20
Processing gen7balancedhackmonssuspecttest/2018-02-20
Processing gen7battlespotdoubles/2018-02-20
Processing gen7battlespotsingles/2018-02-20
Processing gen7battlespotspecial8/2018-02-20
Processing gen7bssfactory/2018-02-20
Processing gen7cap/2018-02-20
Processing gen7challengecup1v1/2018-02-20
Processing gen7doublesou/2018-02-20
Processing gen7doublesubers/2018-02-20
Processing gen7doublesuu/2018-02-20
Processing gen7hackmonscup/2018-02-20
Processing gen7lc/2018-02-20
Processing gen7middlecup/2018-02-20
Processing gen7mixandmega/2018-02-20
Processing gen7monotype/2018-02-20
Processing gen7nu/2018-02-20
Processing gen7ou/2018-02-20
Processing gen7pu/2018-02-20
Processing gen7pususpecttest/2018-02-20
Skipping gen7randombattle/2018-02-20
Skipping gen7randomdoublesbattle/2018-02-20
Processing gen7ru/2018-02-20
Processing gen7sharedpower/2018-02-20
Processing gen7stabmons/2018-02-20
Processing gen7ubers/2018-02-20
Processing gen7ultrasinnohclassic/2018-02-20
Processing gen7uu/2018-02-20
Processing gen7vgc2018/2018-02-20
Processing gen1ou/2018-02-21
Skipping gen1randombattle/2018-02-21
Processing gen2ou/2018-02-21
Processing gen2ouhoohcelebi/2018-02-21
Skipping gen2randombattle/2018-02-21
Processing gen3ou/2018-02-21
Skipping gen3randombattle/2018-02-21
Processing gen3uu/2018-02-21
Processing gen4lc/2018-02-21
Processing gen4ou/2018-02-21
Skipping gen4randombattle/2018-02-21
Processing gen5ou/2018-02-21
Skipping gen5randombattle/2018-02-21
Processing gen6battlefactory/2018-02-21
Processing gen6ou/2018-02-21
Skipping gen6randombattle/2018-02-21
Processing gen71v1/2018-02-21
Processing gen7almostanyability/2018-02-21
Processing gen7anythinggoes/2018-02-21
Processing gen7balancedhackmonssuspecttest/2018-02-21
Processing gen7battlespotdoubles/2018-02-21
Processing gen7battlespotsingles/2018-02-21
Processing gen7battlespotspecial8/2018-02-21
Processing gen7bssfactory/2018-02-21
Processing gen7cap/2018-02-21
Processing gen7challengecup1v1/2018-02-21
Processing gen7doublesou/2018-02-21
Processing gen7doublesubers/2018-02-21
Processing gen7doublesuu/2018-02-21
Processing gen7hackmonscup/2018-02-21
Processing gen7lc/2018-02-21
Processing gen7middlecup/2018-02-21
Processing gen7mixandmega/2018-02-21
Processing gen7monotype/2018-02-21
Processing gen7nu/2018-02-21
Processing gen7ou/2018-02-21
Processing gen7pu/2018-02-21
Skipping gen7randombattle/2018-02-21
Skipping gen7randomdoublesbattle/2018-02-21
Processing gen7ru/2018-02-21
Processing gen7sharedpower/2018-02-21
Processing gen7stabmons/2018-02-21
Processing gen7ubers/2018-02-21
Processing gen7ultrasinnohclassic/2018-02-21
Processing gen7uu/2018-02-21
Processing gen7vgc2018/2018-02-21
Processing gen1ou/2018-02-22
Skipping gen1randombattle/2018-02-22
Processing gen2ou/2018-02-22
Processing gen2ouhoohcelebi/2018-02-22
Skipping gen2randombattle/2018-02-22
Processing gen3ou/2018-02-22
Skipping gen3randombattle/2018-02-22
Processing gen3uu/2018-02-22
Processing gen4lc/2018-02-22
Processing gen4ou/2018-02-22
Skipping gen4randombattle/2018-02-22
Processing gen5ou/2018-02-22
Skipping gen5randombattle/2018-02-22
Processing gen6battlefactory/2018-02-22
Processing gen6ou/2018-02-22
Skipping gen6randombattle/2018-02-22
Processing gen71v1/2018-02-22
Processing gen7almostanyability/2018-02-22
Processing gen7anythinggoes/2018-02-22
Processing gen7balancedhackmonssuspecttest/2018-02-22
Processing gen7battlespotdoubles/2018-02-22
Processing gen7battlespotsingles/2018-02-22
Processing gen7battlespotspecial8/2018-02-22
Processing gen7bssfactory/2018-02-22
Processing gen7cap/2018-02-22
Processing gen7challengecup1v1/2018-02-22
Processing gen7doublesou/2018-02-22
Processing gen7doublesubers/2018-02-22
Processing gen7doublesuu/2018-02-22
Processing gen7hackmonscup/2018-02-22
Processing gen7lc/2018-02-22
Processing gen7middlecup/2018-02-22
Processing gen7mixandmega/2018-02-22
Processing gen7monotype/2018-02-22
Processing gen7nu/2018-02-22
Processing gen7ou/2018-02-22
Processing gen7pu/2018-02-22
Skipping gen7randombattle/2018-02-22
Skipping gen7randomdoublesbattle/2018-02-22
Processing gen7ru/2018-02-22
Processing gen7sharedpower/2018-02-22
Processing gen7stabmons/2018-02-22
Processing gen7ubers/2018-02-22
Processing gen7ultrasinnohclassic/2018-02-22
Processing gen7uu/2018-02-22
Processing gen7vgc2018/2018-02-22
Processing gen1ou/2018-02-23
Skipping gen1randombattle/2018-02-23
Processing gen2ou/2018-02-23
Processing gen2ouhoohcelebi/2018-02-23
Skipping gen2randombattle/2018-02-23
Processing gen3ou/2018-02-23
Skipping gen3randombattle/2018-02-23
Processing gen3uu/2018-02-23
Processing gen4lc/2018-02-23
Processing gen4ou/2018-02-23
Skipping gen4randombattle/2018-02-23
Processing gen5ou/2018-02-23
Skipping gen5randombattle/2018-02-23
Processing gen6battlefactory/2018-02-23
Processing gen6ou/2018-02-23
Skipping gen6randombattle/2018-02-23
Processing gen71v1/2018-02-23
Processing gen7almostanyability/2018-02-23
Processing gen7anythinggoes/2018-02-23
Processing gen7balancedhackmonssuspecttest/2018-02-23
Traceback (most recent call last):
  File "batchLogReader.py", line 857, in <module>
    main(sys.argv)
  File "batchLogReader.py", line 810, in main
    x = LogReader(argv[1]+'/'+filename,tier,movesets,ratings)
  File "batchLogReader.py", line 620, in LogReader
    player_no = int(species[1])
ValueError: invalid literal for int() with base 10: 'e'
Processing gen7battlespotdoubles/2018-02-23
Processing gen7battlespotsingles/2018-02-23
Processing gen7battlespotspecial8/2018-02-23
Processing gen7bssfactory/2018-02-23
Processing gen7cap/2018-02-23
Processing gen7challengecup1v1/2018-02-23
Processing gen7doublesou/2018-02-23
Processing gen7doublesubers/2018-02-23
Processing gen7doublesuu/2018-02-23
Processing gen7hackmonscup/2018-02-23
Processing gen7lc/2018-02-23
Processing gen7middlecup/2018-02-23
Processing gen7mixandmega/2018-02-23
Processing gen7monotype/2018-02-23
Processing gen7nu/2018-02-23
Processing gen7ou/2018-02-23
Processing gen7pu/2018-02-23
Skipping gen7randombattle/2018-02-23
Skipping gen7randomdoublesbattle/2018-02-23
Processing gen7ru/2018-02-23
Processing gen7sharedpower/2018-02-23
Processing gen7stabmons/2018-02-23
Processing gen7ubers/2018-02-23
Processing gen7ultrasinnohclassic/2018-02-23
Processing gen7uu/2018-02-23
Processing gen7vgc2018/2018-02-23
Processing gen1ou/2018-02-24
Skipping gen1randombattle/2018-02-24
Processing gen2ou/2018-02-24
Processing gen2ouhoohcelebi/2018-02-24
Skipping gen2randombattle/2018-02-24
Processing gen3ou/2018-02-24
Skipping gen3randombattle/2018-02-24
Processing gen3uu/2018-02-24
Processing gen4lc/2018-02-24
Processing gen4ou/2018-02-24
Skipping gen4randombattle/2018-02-24
Processing gen5ou/2018-02-24
Skipping gen5randombattle/2018-02-24
Processing gen6battlefactory/2018-02-24
Processing gen6ou/2018-02-24
Skipping gen6randombattle/2018-02-24
Processing gen71v1/2018-02-24
Processing gen7almostanyability/2018-02-24
Processing gen7anythinggoes/2018-02-24
Processing gen7balancedhackmonssuspecttest/2018-02-24
Processing gen7battlespotdoubles/2018-02-24
Processing gen7battlespotsingles/2018-02-24
Processing gen7battlespotspecial8/2018-02-24
Processing gen7bssfactory/2018-02-24
Processing gen7cap/2018-02-24
Processing gen7challengecup1v1/2018-02-24
Processing gen7doublesou/2018-02-24
Processing gen7doublesoususpecttest/2018-02-24
Processing gen7doublesubers/2018-02-24
Processing gen7doublesuu/2018-02-24
Processing gen7hackmonscup/2018-02-24
Processing gen7lc/2018-02-24
Processing gen7middlecup/2018-02-24
Processing gen7mixandmega/2018-02-24
Processing gen7monotype/2018-02-24
Processing gen7nu/2018-02-24
Processing gen7ou/2018-02-24
Processing gen7pu/2018-02-24
Skipping gen7randombattle/2018-02-24
Skipping gen7randomdoublesbattle/2018-02-24
Processing gen7ru/2018-02-24
Processing gen7sharedpower/2018-02-24
Processing gen7stabmons/2018-02-24
Processing gen7ubers/2018-02-24
Processing gen7ultrasinnohclassic/2018-02-24
Processing gen7uu/2018-02-24
Processing gen7vgc2018/2018-02-24
Processing gen1ou/2018-02-25
Skipping gen1randombattle/2018-02-25
Processing gen2ou/2018-02-25
Processing gen2ouhoohcelebi/2018-02-25
Skipping gen2randombattle/2018-02-25
Processing gen3ou/2018-02-25
Skipping gen3randombattle/2018-02-25
Processing gen3uu/2018-02-25
Processing gen4ou/2018-02-25
Skipping gen4randombattle/2018-02-25
Processing gen5ou/2018-02-25
Skipping gen5randombattle/2018-02-25
Processing gen6battlefactory/2018-02-25
Processing gen6ou/2018-02-25
Skipping gen6randombattle/2018-02-25
Processing gen71v1/2018-02-25
Processing gen7almostanyability/2018-02-25
Processing gen7anythinggoes/2018-02-25
Processing gen7balancedhackmonssuspecttest/2018-02-25
Processing gen7battlespotdoubles/2018-02-25
Processing gen7battlespotsingles/2018-02-25
Processing gen7battlespotspecial8/2018-02-25
Processing gen7bssfactory/2018-02-25
Processing gen7cap/2018-02-25
Processing gen7challengecup1v1/2018-02-25
Processing gen7doublesoususpecttest/2018-02-25
Processing gen7doublesubers/2018-02-25
Processing gen7doublesuu/2018-02-25
Processing gen7hackmonscup/2018-02-25
Processing gen7lc/2018-02-25
Processing gen7middlecup/2018-02-25
Processing gen7mixandmega/2018-02-25
Processing gen7monotype/2018-02-25
Processing gen7nu/2018-02-25
Processing gen7ou/2018-02-25
Processing gen7pu/2018-02-25
Skipping gen7randombattle/2018-02-25
Skipping gen7randomdoublesbattle/2018-02-25
Processing gen7ru/2018-02-25
Processing gen7sharedpower/2018-02-25
Processing gen7stabmons/2018-02-25
Processing gen7ubers/2018-02-25
Processing gen7ultrasinnohclassic/2018-02-25
Processing gen7uu/2018-02-25
Processing gen7vgc2018/2018-02-25
Processing gen1ou/2018-02-26
Skipping gen1randombattle/2018-02-26
Processing gen2ou/2018-02-26
Processing gen2ouhoohcelebi/2018-02-26
Skipping gen2randombattle/2018-02-26
Processing gen3ou/2018-02-26
Skipping gen3randombattle/2018-02-26
Processing gen3uu/2018-02-26
Processing gen4lc/2018-02-26
Processing gen4ou/2018-02-26
Skipping gen4randombattle/2018-02-26
Processing gen5ou/2018-02-26
Skipping gen5randombattle/2018-02-26
Processing gen6battlefactory/2018-02-26
Processing gen6ou/2018-02-26
Skipping gen6randombattle/2018-02-26
Processing gen71v1/2018-02-26
Processing gen7almostanyability/2018-02-26
Processing gen7anythinggoes/2018-02-26
Processing gen7balancedhackmonssuspecttest/2018-02-26
Traceback (most recent call last):
  File "batchLogReader.py", line 857, in <module>
    main(sys.argv)
  File "batchLogReader.py", line 810, in main
    x = LogReader(argv[1]+'/'+filename,tier,movesets,ratings)
  File "batchLogReader.py", line 620, in LogReader
    player_no = int(species[1])
ValueError: invalid literal for int() with base 10: 'a'
Processing gen7battlespotdoubles/2018-02-26
Processing gen7battlespotsingles/2018-02-26
Processing gen7battlespotspecial8/2018-02-26
Processing gen7bssfactory/2018-02-26
Processing gen7cap/2018-02-26
Processing gen7challengecup1v1/2018-02-26
Processing gen7doublesoususpecttest/2018-02-26
Processing gen7doublesubers/2018-02-26
Processing gen7doublesuu/2018-02-26
Processing gen7hackmonscup/2018-02-26
Processing gen7lc/2018-02-26
Processing gen7middlecup/2018-02-26
Processing gen7mixandmega/2018-02-26
Processing gen7monotype/2018-02-26
Processing gen7nu/2018-02-26
Processing gen7ou/2018-02-26
Processing gen7pu/2018-02-26
Skipping gen7randombattle/2018-02-26
Skipping gen7randomdoublesbattle/2018-02-26
Processing gen7ru/2018-02-26
Processing gen7sharedpower/2018-02-26
Processing gen7stabmons/2018-02-26
Processing gen7ubers/2018-02-26
Processing gen7ultrasinnohclassic/2018-02-26
Processing gen7uu/2018-02-26
Processing gen7vgc2018/2018-02-26
Processing gen1ou/2018-02-27
Skipping gen1randombattle/2018-02-27
Processing gen2ou/2018-02-27
Processing gen2ouhoohcelebi/2018-02-27
Skipping gen2randombattle/2018-02-27
Processing gen3ou/2018-02-27
Skipping gen3randombattle/2018-02-27
Processing gen4ou/2018-02-27
Skipping gen4randombattle/2018-02-27
Processing gen5ou/2018-02-27
Skipping gen5randombattle/2018-02-27
Processing gen6battlefactory/2018-02-27
Processing gen6ou/2018-02-27
Skipping gen6randombattle/2018-02-27
Processing gen71v1/2018-02-27
Processing gen7almostanyability/2018-02-27
Processing gen7anythinggoes/2018-02-27
Processing gen7balancedhackmonssuspecttest/2018-02-27
Processing gen7battlespotdoubles/2018-02-27
Processing gen7battlespotsingles/2018-02-27
Processing gen7battlespotspecial8/2018-02-27
Processing gen7bssfactory/2018-02-27
Processing gen7cap/2018-02-27
Processing gen7challengecup1v1/2018-02-27
Processing gen7doublesoususpecttest/2018-02-27
Processing gen7doublesubers/2018-02-27
Processing gen7doublesuu/2018-02-27
Processing gen7hackmonscup/2018-02-27
Processing gen7lc/2018-02-27
Processing gen7middlecup/2018-02-27
Processing gen7mixandmega/2018-02-27
Processing gen7monotype/2018-02-27
Processing gen7nu/2018-02-27
Processing gen7ou/2018-02-27
Processing gen7pu/2018-02-27
Skipping gen7randombattle/2018-02-27
Skipping gen7randomdoublesbattle/2018-02-27
Processing gen7ru/2018-02-27
Processing gen7sharedpower/2018-02-27
Processing gen7stabmons/2018-02-27
Processing gen7ubers/2018-02-27
Processing gen7ultrasinnohclassic/2018-02-27
Processing gen7uu/2018-02-27
Processing gen7vgc2018/2018-02-27
Processing gen1ou/2018-02-28
Skipping gen1randombattle/2018-02-28
Processing gen2ou/2018-02-28
Processing gen2ouhoohcelebi/2018-02-28
Skipping gen2randombattle/2018-02-28
Processing gen3ou/2018-02-28
Skipping gen3randombattle/2018-02-28
Processing gen3uu/2018-02-28
Processing gen4ou/2018-02-28
Skipping gen4randombattle/2018-02-28
Processing gen5ou/2018-02-28
Skipping gen5randombattle/2018-02-28
Processing gen6battlefactory/2018-02-28
Processing gen6ou/2018-02-28
Skipping gen6randombattle/2018-02-28
Processing gen71v1/2018-02-28
Processing gen7almostanyability/2018-02-28
Processing gen7anythinggoes/2018-02-28
Processing gen7balancedhackmonssuspecttest/2018-02-28
Traceback (most recent call last):
  File "batchLogReader.py", line 857, in <module>
    main(sys.argv)
  File "batchLogReader.py", line 810, in main
    x = LogReader(argv[1]+'/'+filename,tier,movesets,ratings)
  File "batchLogReader.py", line 620, in LogReader
    player_no = int(species[1])
ValueError: invalid literal for int() with base 10: 'e'
Processing gen7battlespotdoubles/2018-02-28
Processing gen7battlespotsingles/2018-02-28
Processing gen7battlespotspecial8/2018-02-28
Processing gen7bssfactory/2018-02-28
Processing gen7cap/2018-02-28
Processing gen7challengecup1v1/2018-02-28
Processing gen7doublesoususpecttest/2018-02-28
Processing gen7doublesubers/2018-02-28
Processing gen7doublesuu/2018-02-28
Processing gen7hackmonscup/2018-02-28
Processing gen7lc/2018-02-28
Processing gen7middlecup/2018-02-28
Processing gen7mixandmega/2018-02-28
Processing gen7monotype/2018-02-28
Processing gen7nu/2018-02-28
Processing gen7ou/2018-02-28
Processing gen7pu/2018-02-28
Skipping gen7randombattle/2018-02-28
Skipping gen7randomdoublesbattle/2018-02-28
Processing gen7ru/2018-02-28
Processing gen7sharedpower/2018-02-28
Processing gen7stabmons/2018-02-28
Processing gen7ubers/2018-02-28
Processing gen7ultrasinnohclassic/2018-02-28
Processing gen7uu/2018-02-28
Processing gen7vgc2018/2018-02-28
Skipping gen1randombattle/2018-02-29
Skipping gen2randombattle/2018-02-29
Skipping gen3randombattle/2018-02-29
Skipping gen4randombattle/2018-02-29
Skipping gen5randombattle/2018-02-29
Skipping gen6randombattle/2018-02-29
Skipping gen7randombattle/2018-02-29
Skipping gen7randomdoublesbattle/2018-02-29
Skipping gen1randombattle/2018-02-30
Skipping gen2randombattle/2018-02-30
Skipping gen3randombattle/2018-02-30
Skipping gen4randombattle/2018-02-30
Skipping gen5randombattle/2018-02-30
Skipping gen6randombattle/2018-02-30
Skipping gen7randombattle/2018-02-30
Skipping gen7randomdoublesbattle/2018-02-30
Skipping gen1randombattle/2018-02-31
Skipping gen2randombattle/2018-02-31
Skipping gen3randombattle/2018-02-31
Skipping gen4randombattle/2018-02-31
Skipping gen5randombattle/2018-02-31
Skipping gen6randombattle/2018-02-31
Skipping gen7randombattle/2018-02-31
Skipping gen7randomdoublesbattle/2018-02-31
Tue May 28 22:39:01 PDT 2019
Wed May 29 10:53:17 PDT 2019
gen7anythinggoes
Processing gen7vgc2018
Processing gen7monotype
Processing gen7ubers
Processing gen7uu
Processing gen7sharedpower
Processing gen7doublesou
Processing gen7battlespotsingles
Processing gen71v1
Processing gen7ru
Processing gen7challengecup1v1
Processing gen7pususpecttest
Processing gen7hackmonscup
Processing gen7uususpecttest
Processing gen7pu
Processing gen7lc
Processing gen7nu
Processing gen7nususpecttest
Processing gen7balancedhackmons
Processing gen7mixandmega
Processing gen7doublesoususpecttest
Processing gen6ou
Processing gen7doublesubers
Processing gen4ou
Processing gen7bssfactory
Processing gen7balancedhackmonssuspecttest
Processing gen7ultrasinnohclassic
Processing gen3ou
Processing gen6battlefactory
Processing gen7stabmons
Processing gen7doublesuu
Processing gen7battlespotdoubles
Processing gen7middlecup
Processing gen1ou
Processing gen5ou
Processing gen7mixandmegasuspecttest
Processing gen7almostanyability
Processing gen71v1suspecttest
Processing gen7cap
Processing gen2ou
Processing gen7battlespotspecial8
Processing gen7inheritance
Processing gen2ouhoohcelebi
Processing gen7alphabetcup
Processing gen3uu
Processing gen4lc
Processing gen7camomons
Processing mononormal
Processing monofighting
Processing monoflying
Processing monopoison
Processing monoground
Processing monorock
Processing monobug
Processing monoghost
Processing monosteel
Processing monofire
Processing monowater
Processing monograss
Processing monoelectric
Processing monopsychic
Processing monoice
Processing monodragon
Processing monodark
Processing monofairy
